<?xml version="1.0" encoding="UTF-8"?>
<!-- Generated by org.testng.reporters.JUnitXMLReporter -->
<testsuite ignored="0" hostname="LAPTOP-E67CF8JB" failures="1" tests="1" name="To validate Buggy Cars Rating LogIn Feature" time="22.2" errors="0" timestamp="07 May 2023 08:54:39 GMT">
  <testcase classname="test.SignInTest" name="verifyLoginIntoBuggyCarsRatingApp" time="16.366">
    <failure type="java.lang.AssertionError" message="expected [false] but found [true]">
      <![CDATA[java.lang.AssertionError: expected [false] but found [true]
at pages.SignInPage.openBeggyCarsPortal(SignInPage.java:51)
at test.SignInTest.verifyLoginIntoBuggyCarsRatingApp(SignInTest.java:53)
... Removed 29 stack frames]]>
    </failure>
  </testcase> <!-- verifyLoginIntoBuggyCarsRatingApp -->
</testsuite> <!-- To validate Buggy Cars Rating LogIn Feature -->
